# Logfile created on 2014-12-10 23:04:16 +0200 by logger.rb/44203
I, [2014-12-10T23:04:16.530301 #55348]  INFO -- : 2014-12-10T23:04:16+0200: [Worker(delayed_job host:Ventsislavs-MacBook-Pro.local pid:55348)] Starting job worker
I, [2014-12-10T23:04:16.633948 #55348]  INFO -- : 2014-12-10T23:04:16+0200: [Worker(delayed_job host:Ventsislavs-MacBook-Pro.local pid:55348)] Job Class#perform (id=1) RUNNING
E, [2014-12-10T23:04:16.634745 #55348] ERROR -- : 2014-12-10T23:04:16+0200: [Worker(delayed_job host:Ventsislavs-MacBook-Pro.local pid:55348)] Job Class#perform (id=1) FAILED (0 prior attempts) with NoMethodError: undefined method `get_connection' for nil:NilClass
I, [2014-12-10T23:04:16.652098 #55348]  INFO -- : 2014-12-10T23:04:16+0200: [Worker(delayed_job host:Ventsislavs-MacBook-Pro.local pid:55348)] 1 jobs processed at 8.2282 j/s, 1 failed
I, [2014-12-10T23:04:26.713859 #55348]  INFO -- : 2014-12-10T23:04:26+0200: [Worker(delayed_job host:Ventsislavs-MacBook-Pro.local pid:55348)] Job Class#perform (id=1) RUNNING
E, [2014-12-10T23:04:26.733102 #55348] ERROR -- : 2014-12-10T23:04:26+0200: [Worker(delayed_job host:Ventsislavs-MacBook-Pro.local pid:55348)] Job Class#perform (id=1) FAILED (1 prior attempts) with NoMethodError: undefined method `get_connection' for nil:NilClass
I, [2014-12-10T23:04:26.739646 #55348]  INFO -- : 2014-12-10T23:04:26+0200: [Worker(delayed_job host:Ventsislavs-MacBook-Pro.local pid:55348)] 1 jobs processed at 13.6086 j/s, 1 failed
I, [2014-12-10T23:04:51.791582 #55348]  INFO -- : 2014-12-10T23:04:51+0200: [Worker(delayed_job host:Ventsislavs-MacBook-Pro.local pid:55348)] Job Class#perform (id=1) RUNNING
E, [2014-12-10T23:04:51.792239 #55348] ERROR -- : 2014-12-10T23:04:51+0200: [Worker(delayed_job host:Ventsislavs-MacBook-Pro.local pid:55348)] Job Class#perform (id=1) FAILED (2 prior attempts) with NoMethodError: undefined method `get_connection' for nil:NilClass
I, [2014-12-10T23:04:51.796236 #55348]  INFO -- : 2014-12-10T23:04:51+0200: [Worker(delayed_job host:Ventsislavs-MacBook-Pro.local pid:55348)] 1 jobs processed at 22.6948 j/s, 1 failed
I, [2014-12-10T23:06:26.866534 #55348]  INFO -- : 2014-12-10T23:06:26+0200: [Worker(delayed_job host:Ventsislavs-MacBook-Pro.local pid:55348)] Job Class#perform (id=2) RUNNING
E, [2014-12-10T23:06:26.867164 #55348] ERROR -- : 2014-12-10T23:06:26+0200: [Worker(delayed_job host:Ventsislavs-MacBook-Pro.local pid:55348)] Job Class#perform (id=2) FAILED (0 prior attempts) with NoMethodError: undefined method `get_connection' for nil:NilClass
I, [2014-12-10T23:06:26.894849 #55348]  INFO -- : 2014-12-10T23:06:26+0200: [Worker(delayed_job host:Ventsislavs-MacBook-Pro.local pid:55348)] 1 jobs processed at 18.8228 j/s, 1 failed
I, [2014-12-10T23:06:36.973885 #55348]  INFO -- : 2014-12-10T23:06:36+0200: [Worker(delayed_job host:Ventsislavs-MacBook-Pro.local pid:55348)] Job Class#perform (id=2) RUNNING
E, [2014-12-10T23:06:36.974541 #55348] ERROR -- : 2014-12-10T23:06:36+0200: [Worker(delayed_job host:Ventsislavs-MacBook-Pro.local pid:55348)] Job Class#perform (id=2) FAILED (1 prior attempts) with NoMethodError: undefined method `get_connection' for nil:NilClass
I, [2014-12-10T23:06:36.978854 #55348]  INFO -- : 2014-12-10T23:06:36+0200: [Worker(delayed_job host:Ventsislavs-MacBook-Pro.local pid:55348)] 1 jobs processed at 12.6338 j/s, 1 failed
I, [2014-12-10T23:07:02.009193 #55348]  INFO -- : 2014-12-10T23:07:02+0200: [Worker(delayed_job host:Ventsislavs-MacBook-Pro.local pid:55348)] Job Class#perform (id=2) RUNNING
E, [2014-12-10T23:07:02.009808 #55348] ERROR -- : 2014-12-10T23:07:02+0200: [Worker(delayed_job host:Ventsislavs-MacBook-Pro.local pid:55348)] Job Class#perform (id=2) FAILED (2 prior attempts) with NoMethodError: undefined method `get_connection' for nil:NilClass
I, [2014-12-10T23:07:02.014092 #55348]  INFO -- : 2014-12-10T23:07:02+0200: [Worker(delayed_job host:Ventsislavs-MacBook-Pro.local pid:55348)] 1 jobs processed at 46.3499 j/s, 1 failed
I, [2014-12-10T23:08:17.402249 #55358]  INFO -- : 2014-12-10T23:08:17+0200: [Worker(delayed_job host:Ventsislavs-MacBook-Pro.local pid:55358)] Starting job worker
I, [2014-12-10T23:08:18.069440 #55358]  INFO -- : 2014-12-10T23:08:18+0200: [Worker(delayed_job host:Ventsislavs-MacBook-Pro.local pid:55358)] Job Class#perform (id=3) RUNNING
E, [2014-12-10T23:08:18.326267 #55358] ERROR -- : 2014-12-10T23:08:18+0200: [Worker(delayed_job host:Ventsislavs-MacBook-Pro.local pid:55358)] Job Class#perform (id=3) FAILED (0 prior attempts) with Koala::Facebook::AuthenticationError: type: OAuthException, code: 2500, message: An active access token must be used to query information about the current user. [HTTP 400]
I, [2014-12-10T23:08:18.371158 #55358]  INFO -- : 2014-12-10T23:08:18+0200: [Worker(delayed_job host:Ventsislavs-MacBook-Pro.local pid:55358)] 1 jobs processed at 1.0640 j/s, 1 failed
I, [2014-12-10T23:08:28.424563 #55358]  INFO -- : 2014-12-10T23:08:28+0200: [Worker(delayed_job host:Ventsislavs-MacBook-Pro.local pid:55358)] Job Class#perform (id=3) RUNNING
E, [2014-12-10T23:08:28.591858 #55358] ERROR -- : 2014-12-10T23:08:28+0200: [Worker(delayed_job host:Ventsislavs-MacBook-Pro.local pid:55358)] Job Class#perform (id=3) FAILED (1 prior attempts) with Koala::Facebook::AuthenticationError: type: OAuthException, code: 2500, message: An active access token must be used to query information about the current user. [HTTP 400]
I, [2014-12-10T23:08:28.595718 #55358]  INFO -- : 2014-12-10T23:08:28+0200: [Worker(delayed_job host:Ventsislavs-MacBook-Pro.local pid:55358)] 1 jobs processed at 4.5369 j/s, 1 failed
I, [2014-12-10T23:08:53.639025 #55358]  INFO -- : 2014-12-10T23:08:53+0200: [Worker(delayed_job host:Ventsislavs-MacBook-Pro.local pid:55358)] Job Class#perform (id=3) RUNNING
E, [2014-12-10T23:08:53.885281 #55358] ERROR -- : 2014-12-10T23:08:53+0200: [Worker(delayed_job host:Ventsislavs-MacBook-Pro.local pid:55358)] Job Class#perform (id=3) FAILED (2 prior attempts) with Koala::Facebook::AuthenticationError: type: OAuthException, code: 2500, message: An active access token must be used to query information about the current user. [HTTP 400]
I, [2014-12-10T23:08:53.889272 #55358]  INFO -- : 2014-12-10T23:08:53+0200: [Worker(delayed_job host:Ventsislavs-MacBook-Pro.local pid:55358)] 1 jobs processed at 3.5609 j/s, 1 failed
I, [2014-12-10T23:10:19.150968 #55358]  INFO -- : 2014-12-10T23:10:19+0200: [Worker(delayed_job host:Ventsislavs-MacBook-Pro.local pid:55358)] Job Class#perform (id=3) RUNNING
E, [2014-12-10T23:10:19.334758 #55358] ERROR -- : 2014-12-10T23:10:19+0200: [Worker(delayed_job host:Ventsislavs-MacBook-Pro.local pid:55358)] Job Class#perform (id=3) FAILED (3 prior attempts) with Koala::Facebook::AuthenticationError: type: OAuthException, code: 2500, message: An active access token must be used to query information about the current user. [HTTP 400]
I, [2014-12-10T23:10:19.338460 #55358]  INFO -- : 2014-12-10T23:10:19+0200: [Worker(delayed_job host:Ventsislavs-MacBook-Pro.local pid:55358)] 1 jobs processed at 3.4663 j/s, 1 failed
I, [2014-12-10T23:14:40.577246 #55373]  INFO -- : 2014-12-10T23:14:40+0200: [Worker(delayed_job host:Ventsislavs-MacBook-Pro.local pid:55373)] Starting job worker
I, [2014-12-10T23:14:40.793326 #55373]  INFO -- : 2014-12-10T23:14:40+0200: [Worker(delayed_job host:Ventsislavs-MacBook-Pro.local pid:55373)] Job Class#perform (id=4) RUNNING
E, [2014-12-10T23:14:41.492361 #55373] ERROR -- : 2014-12-10T23:14:41+0200: [Worker(delayed_job host:Ventsislavs-MacBook-Pro.local pid:55373)] Job Class#perform (id=4) FAILED (0 prior attempts) with NameError: undefined local variable or method `friendMovie' for Syncer:Class
I, [2014-12-10T23:14:41.529206 #55373]  INFO -- : 2014-12-10T23:14:41+0200: [Worker(delayed_job host:Ventsislavs-MacBook-Pro.local pid:55373)] 1 jobs processed at 1.0508 j/s, 1 failed
I, [2014-12-10T23:14:51.553416 #55373]  INFO -- : 2014-12-10T23:14:51+0200: [Worker(delayed_job host:Ventsislavs-MacBook-Pro.local pid:55373)] Job Class#perform (id=4) RUNNING
E, [2014-12-10T23:14:51.992375 #55373] ERROR -- : 2014-12-10T23:14:51+0200: [Worker(delayed_job host:Ventsislavs-MacBook-Pro.local pid:55373)] Job Class#perform (id=4) FAILED (1 prior attempts) with NameError: undefined local variable or method `friendMovie' for Syncer:Class
I, [2014-12-10T23:14:51.996487 #55373]  INFO -- : 2014-12-10T23:14:51+0200: [Worker(delayed_job host:Ventsislavs-MacBook-Pro.local pid:55373)] 1 jobs processed at 2.1612 j/s, 1 failed
I, [2014-12-10T23:15:12.010173 #55373]  INFO -- : 2014-12-10T23:15:12+0200: [Worker(delayed_job host:Ventsislavs-MacBook-Pro.local pid:55373)] Job Class#perform (id=4) RUNNING
E, [2014-12-10T23:15:12.457179 #55373] ERROR -- : 2014-12-10T23:15:12+0200: [Worker(delayed_job host:Ventsislavs-MacBook-Pro.local pid:55373)] Job Class#perform (id=4) FAILED (2 prior attempts) with NameError: undefined local variable or method `friendMovie' for Syncer:Class
I, [2014-12-10T23:15:12.498899 #55373]  INFO -- : 2014-12-10T23:15:12+0200: [Worker(delayed_job host:Ventsislavs-MacBook-Pro.local pid:55373)] 1 jobs processed at 2.0279 j/s, 1 failed
I, [2014-12-10T23:16:03.619046 #55381]  INFO -- : 2014-12-10T23:16:03+0200: [Worker(delayed_job host:Ventsislavs-MacBook-Pro.local pid:55381)] Starting job worker
I, [2014-12-10T23:16:03.754640 #55381]  INFO -- : 2014-12-10T23:16:03+0200: [Worker(delayed_job host:Ventsislavs-MacBook-Pro.local pid:55381)] Job Class#perform (id=5) RUNNING
I, [2014-12-10T23:17:39.913169 #55381]  INFO -- : 2014-12-10T23:17:39+0200: [Worker(delayed_job host:Ventsislavs-MacBook-Pro.local pid:55381)] Job Class#perform (id=5) COMPLETED after 96.1581
I, [2014-12-10T23:17:39.918485 #55381]  INFO -- : 2014-12-10T23:17:39+0200: [Worker(delayed_job host:Ventsislavs-MacBook-Pro.local pid:55381)] 1 jobs processed at 0.0104 j/s, 0 failed
I, [2014-12-10T23:39:21.465166 #55381]  INFO -- : 2014-12-10T23:39:21+0200: [Worker(delayed_job host:Ventsislavs-MacBook-Pro.local pid:55381)] Job Class#perform (id=6) RUNNING
E, [2014-12-10T23:39:23.257377 #55381] ERROR -- : 2014-12-10T23:39:23+0200: [Worker(delayed_job host:Ventsislavs-MacBook-Pro.local pid:55381)] Job Class#perform (id=6) FAILED (0 prior attempts) with ActiveRecord::AssociationTypeMismatch: User(#2195346300) expected, got NilClass(#2155960120)
I, [2014-12-10T23:39:23.273175 #55381]  INFO -- : 2014-12-10T23:39:23+0200: [Worker(delayed_job host:Ventsislavs-MacBook-Pro.local pid:55381)] 1 jobs processed at 0.5472 j/s, 1 failed
I, [2014-12-10T23:39:33.291396 #55381]  INFO -- : 2014-12-10T23:39:33+0200: [Worker(delayed_job host:Ventsislavs-MacBook-Pro.local pid:55381)] Job Class#perform (id=6) RUNNING
E, [2014-12-10T23:39:35.123544 #55381] ERROR -- : 2014-12-10T23:39:35+0200: [Worker(delayed_job host:Ventsislavs-MacBook-Pro.local pid:55381)] Job Class#perform (id=6) FAILED (1 prior attempts) with ActiveRecord::AssociationTypeMismatch: User(#2195346300) expected, got NilClass(#2155960120)
I, [2014-12-10T23:39:35.132710 #55381]  INFO -- : 2014-12-10T23:39:35+0200: [Worker(delayed_job host:Ventsislavs-MacBook-Pro.local pid:55381)] 1 jobs processed at 0.5417 j/s, 1 failed
I, [2014-12-10T23:40:00.164324 #55381]  INFO -- : 2014-12-10T23:40:00+0200: [Worker(delayed_job host:Ventsislavs-MacBook-Pro.local pid:55381)] Job Class#perform (id=6) RUNNING
E, [2014-12-10T23:40:01.914701 #55381] ERROR -- : 2014-12-10T23:40:01+0200: [Worker(delayed_job host:Ventsislavs-MacBook-Pro.local pid:55381)] Job Class#perform (id=6) FAILED (2 prior attempts) with ActiveRecord::AssociationTypeMismatch: User(#2195346300) expected, got NilClass(#2155960120)
I, [2014-12-10T23:40:01.919061 #55381]  INFO -- : 2014-12-10T23:40:01+0200: [Worker(delayed_job host:Ventsislavs-MacBook-Pro.local pid:55381)] 1 jobs processed at 0.5639 j/s, 1 failed
I, [2014-12-10T23:40:52.529653 #55417]  INFO -- : 2014-12-10T23:40:52+0200: [Worker(delayed_job host:Ventsislavs-MacBook-Pro.local pid:55417)] Starting job worker
I, [2014-12-10T23:41:27.761400 #55417]  INFO -- : 2014-12-10T23:41:27+0200: [Worker(delayed_job host:Ventsislavs-MacBook-Pro.local pid:55417)] Job Class#perform (id=6) RUNNING
I, [2014-12-10T23:43:45.909319 #55417]  INFO -- : 2014-12-10T23:43:45+0200: [Worker(delayed_job host:Ventsislavs-MacBook-Pro.local pid:55417)] Job Class#perform (id=6) COMPLETED after 138.1476
I, [2014-12-10T23:43:45.949529 #55417]  INFO -- : 2014-12-10T23:43:45+0200: [Worker(delayed_job host:Ventsislavs-MacBook-Pro.local pid:55417)] Job Class#perform (id=7) RUNNING
I, [2014-12-10T23:46:15.647293 #55417]  INFO -- : 2014-12-10T23:46:15+0200: [Worker(delayed_job host:Ventsislavs-MacBook-Pro.local pid:55417)] Job Class#perform (id=7) COMPLETED after 149.6974
I, [2014-12-10T23:46:15.732099 #55417]  INFO -- : 2014-12-10T23:46:15+0200: [Worker(delayed_job host:Ventsislavs-MacBook-Pro.local pid:55417)] 2 jobs processed at 0.0069 j/s, 0 failed
